# JRE version: OpenJDK Runtime Environment Temurin-21.0.7+6 (21.0.7+6) (build 21.0.7+6-LTS)
# Java VM: OpenJDK 64-Bit Server VM Temurin-21.0.7+6 (21.0.7+6-LTS, mixed mode, emulated-client, sharing, tiered, compressed oops, compressed class ptrs, g1 gc, windows-amd64)
GC Precious Log:
 CardTable entry size: 512
 Card Set container configuration: InlinePtr #cards 4 size 8 Array Of Cards #cards 16 size 48 Howl #buckets 8 coarsen threshold 3686 Howl Bitmap #cards 512 size 80 coarsen threshold 460 Card regions per heap region 1 cards per card region 4096
 CPUs: 16 total, 16 available
 Memory: 16010M
 Large Page Support: Disabled
 NUMA Support: Disabled
 Compressed Oops: Enabled (Zero based)
 Heap Region Size: 2M
 Heap Min Capacity: 8M
 Heap Initial Capacity: 252M
 Heap Max Capacity: 4004M
 Pre-touch: Disabled
 Parallel Workers: 13
 Concurrent Workers: 3
 Concurrent Refinement Workers: 13
 Periodic GC: Disabled
Heap:
 garbage-first heap   total 102400K, used 85030K [0x0000000705c00000, 0x0000000800000000)
  region size 2048K, 29 young (59392K), 0 survivors (0K)
 Metaspace       used 63928K, committed 65152K, reserved 1114112K
  class space    used 8201K, committed 8704K, reserved 1048576K
GC Heap History (20 events):
Event: 36.698 GC heap before
{Heap before GC invocations=21 (full 0):
 garbage-first heap   total 98304K, used 35234K [0x0000000705c00000, 0x0000000800000000)
  region size 2048K, 5 young (10240K), 3 survivors (6144K)
 Metaspace       used 59876K, committed 60608K, reserved 1114112K
  class space    used 7594K, committed 7936K, reserved 1048576K
}
Event: 36.701 GC heap after
{Heap after GC invocations=22 (full 0):
 garbage-first heap   total 98304K, used 32621K [0x0000000705c00000, 0x0000000800000000)
  region size 2048K, 2 young (4096K), 2 survivors (4096K)
 Metaspace       used 59876K, committed 60608K, reserved 1114112K
  class space    used 7594K, committed 7936K, reserved 1048576K
}
Event: 194.719 GC heap before
{Heap before GC invocations=23 (full 0):
 garbage-first heap   total 98304K, used 83821K [0x0000000705c00000, 0x0000000800000000)
  region size 2048K, 28 young (57344K), 2 survivors (4096K)
 Metaspace       used 63991K, committed 64832K, reserved 1114112K
  class space    used 8255K, committed 8640K, reserved 1048576K
}
Event: 194.727 GC heap after
{Heap after GC invocations=24 (full 0):
 garbage-first heap   total 98304K, used 34890K [0x0000000705c00000, 0x0000000800000000)
  region size 2048K, 3 young (6144K), 3 survivors (6144K)
 Metaspace       used 63991K, committed 64832K, reserved 1114112K
  class space    used 8255K, committed 8640K, reserved 1048576K
}
Event: 24308.469 GC heap before
{Heap before GC invocations=24 (full 0):
 garbage-first heap   total 98304K, used 79946K [0x0000000705c00000, 0x0000000800000000)
  region size 2048K, 26 young (53248K), 3 survivors (6144K)
 Metaspace       used 64221K, committed 65152K, reserved 1114112K
  class space    used 8302K, committed 8704K, reserved 1048576K
}
Event: 24308.504 GC heap after
{Heap after GC invocations=25 (full 1):
 garbage-first heap   total 90112K, used 22936K [0x0000000705c00000, 0x0000000800000000)
  region size 2048K, 0 young (0K), 0 survivors (0K)
 Metaspace       used 63747K, committed 65152K, reserved 1114112K
  class space    used 8184K, committed 8704K, reserved 1048576K
}
Event: 24311.144 GC heap before
{Heap before GC invocations=25 (full 1):
 garbage-first heap   total 90112K, used 74136K [0x0000000705c00000, 0x0000000800000000)
  region size 2048K, 26 young (53248K), 0 survivors (0K)
 Metaspace       used 63880K, committed 65152K, reserved 1114112K
  class space    used 8217K, committed 8704K, reserved 1048576K
}
Event: 24311.147 GC heap after
{Heap after GC invocations=26 (full 1):
 garbage-first heap   total 90112K, used 28244K [0x0000000705c00000, 0x0000000800000000)
  region size 2048K, 3 young (6144K), 3 survivors (6144K)
 Metaspace       used 63880K, committed 65152K, reserved 1114112K
  class space    used 8217K, committed 8704K, reserved 1048576K
}
Event: 24312.117 GC heap before
{Heap before GC invocations=27 (full 1):
 garbage-first heap   total 90112K, used 73300K [0x0000000705c00000, 0x0000000800000000)
  region size 2048K, 25 young (51200K), 3 survivors (6144K)
 Metaspace       used 63992K, committed 65152K, reserved 1114112K
  class space    used 8243K, committed 8704K, reserved 1048576K
}
Event: 24312.121 GC heap after
{Heap after GC invocations=28 (full 1):
 garbage-first heap   total 90112K, used 31115K [0x0000000705c00000, 0x0000000800000000)
  region size 2048K, 2 young (4096K), 2 survivors (4096K)
 Metaspace       used 63992K, committed 65152K, reserved 1114112K
  class space    used 8243K, committed 8704K, reserved 1048576K
}
Event: 24314.537 GC heap before
{Heap before GC invocations=28 (full 1):
 garbage-first heap   total 90112K, used 33163K [0x0000000705c00000, 0x0000000800000000)
  region size 2048K, 4 young (8192K), 2 survivors (4096K)
 Metaspace       used 64036K, committed 65152K, reserved 1114112K
  class space    used 8251K, committed 8704K, reserved 1048576K
}
Event: 24314.607 GC heap after
{Heap after GC invocations=29 (full 2):
 garbage-first heap   total 90112K, used 25496K [0x0000000705c00000, 0x0000000800000000)
  region size 2048K, 0 young (0K), 0 survivors (0K)
 Metaspace       used 63898K, committed 65152K, reserved 1114112K
  class space    used 8219K, committed 8704K, reserved 1048576K
}
Event: 24315.845 GC heap before
{Heap before GC invocations=29 (full 2):
 garbage-first heap   total 90112K, used 72600K [0x0000000705c00000, 0x0000000800000000)
  region size 2048K, 24 young (49152K), 0 survivors (0K)
 Metaspace       used 63912K, committed 65152K, reserved 1114112K
  class space    used 8222K, committed 8704K, reserved 1048576K
}
Event: 24315.852 GC heap after
{Heap after GC invocations=30 (full 2):
 garbage-first heap   total 108544K, used 29595K [0x0000000705c00000, 0x0000000800000000)
  region size 2048K, 2 young (4096K), 2 survivors (4096K)
 Metaspace       used 63912K, committed 65152K, reserved 1114112K
  class space    used 8222K, committed 8704K, reserved 1048576K
}
Event: 24895.854 GC heap before
{Heap before GC invocations=30 (full 2):
 garbage-first heap   total 108544K, used 72603K [0x0000000705c00000, 0x0000000800000000)
  region size 2048K, 25 young (51200K), 2 survivors (4096K)
 Metaspace       used 63952K, committed 65152K, reserved 1114112K
  class space    used 8226K, committed 8704K, reserved 1048576K
}
Event: 24895.880 GC heap after
{Heap after GC invocations=31 (full 3):
 garbage-first heap   total 102400K, used 28039K [0x0000000705c00000, 0x0000000800000000)
  region size 2048K, 0 young (0K), 0 survivors (0K)
 Metaspace       used 63952K, committed 65152K, reserved 1114112K
  class space    used 8226K, committed 8704K, reserved 1048576K
}
Event: 24896.378 GC heap before
{Heap before GC invocations=31 (full 3):
 garbage-first heap   total 102400K, used 85383K [0x0000000705c00000, 0x0000000800000000)
  region size 2048K, 29 young (59392K), 0 survivors (0K)
 Metaspace       used 63992K, committed 65152K, reserved 1114112K
  class space    used 8233K, committed 8704K, reserved 1048576K
}
Event: 24896.381 GC heap after
{Heap after GC invocations=32 (full 3):
 garbage-first heap   total 102400K, used 32439K [0x0000000705c00000, 0x0000000800000000)
  region size 2048K, 3 young (6144K), 3 survivors (6144K)
 Metaspace       used 63992K, committed 65152K, reserved 1114112K
  class space    used 8233K, committed 8704K, reserved 1048576K
}
Event: 24937.502 GC heap before
{Heap before GC invocations=32 (full 3):
 garbage-first heap   total 102400K, used 65207K [0x0000000705c00000, 0x0000000800000000)
  region size 2048K, 21 young (43008K), 3 survivors (6144K)
 Metaspace       used 64034K, committed 65152K, reserved 1114112K
  class space    used 8238K, committed 8704K, reserved 1048576K
}
Event: 24937.558 GC heap after
{Heap after GC invocations=33 (full 4):
 garbage-first heap   total 102400K, used 27686K [0x0000000705c00000, 0x0000000800000000)
  region size 2048K, 0 young (0K), 0 survivors (0K)
 Metaspace       used 63870K, committed 65152K, reserved 1114112K
  class space    used 8195K, committed 8704K, reserved 1048576K
}

